<?xml version="1.0" encoding="UTF-8"?>
<!-- Generated by org.testng.reporters.JUnitReportReporter -->
<testsuite hostname="LENOVO-PC" name="com.JenkinsMaven.automation.App" tests="1" failures="0" timestamp="5 Feb 2020 17:46:00 GMT" time="17.497" errors="0">
  <testcase name="test" time="17.497" classname="com.JenkinsMaven.automation.App"/>
</testsuite>
