<?xml version="1.0" encoding="UTF-8"?>
<!-- Generated by org.testng.reporters.JUnitReportReporter -->
<testsuite hostname="LENOVO-PC" name="com.JenkinsMaven.automation.Test1" tests="1" failures="0" timestamp="8 Feb 2020 13:04:37 GMT" time="9.465" errors="0">
  <testcase name="test" time="9.465" classname="com.JenkinsMaven.automation.Test1"/>
</testsuite>
