<?xml version="1.0" encoding="UTF-8"?>
<!-- Generated by org.testng.reporters.JUnitReportReporter -->
<testsuite hostname="LENOVO-PC" name="com.JenkinsMaven.automation.App" tests="1" failures="0" timestamp="8 Feb 2020 13:20:09 GMT" time="5.868" errors="0">
  <testcase name="test" time="5.868" classname="com.JenkinsMaven.automation.App"/>
</testsuite>
